<?xml version="1.0" encoding="UTF-8"?>
<!-- Generated by org.testng.reporters.JUnitReportReporter -->
<testsuite hostname="SarthakThinkpad" failures="0" tests="1" name="com.testngcode_8thApr_2023.Parameterize_TN" time="8.490" errors="0" timestamp="08 Apr 2023 16:32:13 GMT" skipped="0">
  <testcase classname="com.testngcode_8thApr_2023.Parameterize_TN" name="rediffLogin" time="8.490"/>
</testsuite> <!-- com.testngcode_8thApr_2023.Parameterize_TN -->
