<?xml version="1.0" encoding="UTF-8"?>
<!-- Generated by org.testng.reporters.JUnitReportReporter -->
<testsuite hostname="SarthakThinkpad" failures="0" tests="2" name="com.filehandling_creation_validatation_ExcelSheet_8th_Apr_2023.CreateNewSheetExample" time="0.703" errors="0" timestamp="08 Apr 2023 21:12:42 GMT" skipped="0">
  <testcase classname="com.filehandling_creation_validatation_ExcelSheet_8th_Apr_2023.CreateNewSheetExample" name="createNewSheet" time="0.634"/>
  <testcase classname="com.filehandling_creation_validatation_ExcelSheet_8th_Apr_2023.CreateNewSheetExample" name="writeDataToTheNewlyCreatedExcelSheet" time="0.069"/>
</testsuite> <!-- com.filehandling_creation_validatation_ExcelSheet_8th_Apr_2023.CreateNewSheetExample -->
