<?xml version="1.0" encoding="UTF-8"?>
<!-- Generated by org.testng.reporters.JUnitReportReporter -->
<testsuite hostname="SarthakThinkpad" failures="0" tests="1" name="com.testngcode_8thApr_2023.Parameterize_Rediff" time="11.335" errors="0" timestamp="08 Apr 2023 16:16:18 GMT" skipped="0">
  <testcase classname="com.testngcode_8thApr_2023.Parameterize_Rediff" name="rediffLogin" time="11.335"/>
</testsuite> <!-- com.testngcode_8thApr_2023.Parameterize_Rediff -->
