<?xml version="1.0" encoding="UTF-8"?>
<!-- Generated by org.testng.reporters.JUnitReportReporter -->
<testsuite hostname="SarthakThinkpad" failures="0" tests="16" name="com.filehandling_8thApr_2023.Rediff_and_TN_Login_ExcelSheet" time="130.277" errors="0" timestamp="08 Apr 2023 17:41:02 GMT" skipped="0">
  <testcase classname="com.filehandling_8thApr_2023.Rediff_and_TN_Login_ExcelSheet" name="tnLogin" time="5.720"/>
  <testcase classname="com.filehandling_8thApr_2023.Rediff_and_TN_Login_ExcelSheet" name="tnLogin" time="6.710"/>
  <testcase classname="com.filehandling_8thApr_2023.Rediff_and_TN_Login_ExcelSheet" name="tnLogin" time="6.385"/>
  <testcase classname="com.filehandling_8thApr_2023.Rediff_and_TN_Login_ExcelSheet" name="tnLogin" time="6.160"/>
  <testcase classname="com.filehandling_8thApr_2023.Rediff_and_TN_Login_ExcelSheet" name="tnLogin" time="6.272"/>
  <testcase classname="com.filehandling_8thApr_2023.Rediff_and_TN_Login_ExcelSheet" name="tnLogin" time="6.169"/>
  <testcase classname="com.filehandling_8thApr_2023.Rediff_and_TN_Login_ExcelSheet" name="tnLogin" time="6.849"/>
  <testcase classname="com.filehandling_8thApr_2023.Rediff_and_TN_Login_ExcelSheet" name="tnLogin" time="6.165"/>
  <testcase classname="com.filehandling_8thApr_2023.Rediff_and_TN_Login_ExcelSheet" name="tnLogin" time="6.040"/>
  <testcase classname="com.filehandling_8thApr_2023.Rediff_and_TN_Login_ExcelSheet" name="tnLogin" time="6.669"/>
  <testcase classname="com.filehandling_8thApr_2023.Rediff_and_TN_Login_ExcelSheet" name="tnLogin" time="8.746"/>
  <testcase classname="com.filehandling_8thApr_2023.Rediff_and_TN_Login_ExcelSheet" name="rediffLogin" time="11.979"/>
  <testcase classname="com.filehandling_8thApr_2023.Rediff_and_TN_Login_ExcelSheet" name="rediffLogin" time="11.450"/>
  <testcase classname="com.filehandling_8thApr_2023.Rediff_and_TN_Login_ExcelSheet" name="rediffLogin" time="11.031"/>
  <testcase classname="com.filehandling_8thApr_2023.Rediff_and_TN_Login_ExcelSheet" name="rediffLogin" time="11.880"/>
  <testcase classname="com.filehandling_8thApr_2023.Rediff_and_TN_Login_ExcelSheet" name="rediffLogin" time="12.052"/>
</testsuite> <!-- com.filehandling_8thApr_2023.Rediff_and_TN_Login_ExcelSheet -->
