<?xml version="1.0" encoding="UTF-8"?>
<!-- Generated by org.testng.reporters.JUnitReportReporter -->
<testsuite hostname="SarthakThinkpad" failures="0" tests="2" name="com.filehandling_8thApr_2023.Reading_From_Properties_File" time="20.929" errors="0" timestamp="08 Apr 2023 17:00:08 GMT" skipped="0">
  <testcase classname="com.filehandling_8thApr_2023.Reading_From_Properties_File" name="TNLogin" time="7.998"/>
  <testcase classname="com.filehandling_8thApr_2023.Reading_From_Properties_File" name="rediffLogin" time="12.931"/>
</testsuite> <!-- com.filehandling_8thApr_2023.Reading_From_Properties_File -->
