<?xml version="1.0" encoding="UTF-8"?>
<!-- Generated by org.testng.reporters.JUnitReportReporter -->
<testsuite hostname="SarthakThinkpad" failures="0" tests="2" name="com.filehandling_creation_validatation_ExcelSheet_8th_Apr_2023.TN_Register_Validate" time="17.369" errors="0" timestamp="08 Apr 2023 20:36:14 GMT" skipped="0">
  <testcase classname="com.filehandling_creation_validatation_ExcelSheet_8th_Apr_2023.TN_Register_Validate" name="tnLogin" time="10.325"/>
  <testcase classname="com.filehandling_creation_validatation_ExcelSheet_8th_Apr_2023.TN_Register_Validate" name="tnLogin" time="7.044"/>
</testsuite> <!-- com.filehandling_creation_validatation_ExcelSheet_8th_Apr_2023.TN_Register_Validate -->
