<?xml version="1.0" encoding="UTF-8"?>
<!-- Generated by org.testng.reporters.JUnitReportReporter -->
<testsuite hostname="SarthakThinkpad" failures="0" tests="5" name="com.filehandling_8thApr_2023.RediffLogin_ExcelSheet" time="61.578" errors="0" timestamp="08 Apr 2023 17:34:48 GMT" skipped="0">
  <testcase classname="com.filehandling_8thApr_2023.RediffLogin_ExcelSheet" name="rediffLogin" time="12.168"/>
  <testcase classname="com.filehandling_8thApr_2023.RediffLogin_ExcelSheet" name="rediffLogin" time="12.408"/>
  <testcase classname="com.filehandling_8thApr_2023.RediffLogin_ExcelSheet" name="rediffLogin" time="10.231"/>
  <testcase classname="com.filehandling_8thApr_2023.RediffLogin_ExcelSheet" name="rediffLogin" time="13.862"/>
  <testcase classname="com.filehandling_8thApr_2023.RediffLogin_ExcelSheet" name="rediffLogin" time="12.909"/>
</testsuite> <!-- com.filehandling_8thApr_2023.RediffLogin_ExcelSheet -->
