<?xml version="1.0" encoding="UTF-8"?>
<!-- Generated by org.testng.reporters.JUnitReportReporter -->
<testsuite hostname="SarthakThinkpad" failures="0" tests="4" name="com.filehandling_creation_validatation_ExcelSheet_8th_Apr_2023.TestCases" time="14.229" errors="0" timestamp="08 Apr 2023 22:10:04 GMT" skipped="0">
  <testcase classname="com.filehandling_creation_validatation_ExcelSheet_8th_Apr_2023.TestCases" name="createNewSheet" time="0.620"/>
  <testcase classname="com.filehandling_creation_validatation_ExcelSheet_8th_Apr_2023.TestCases" name="writeDataToTheNewlyCreatedExcelSheet" time="0.068"/>
  <testcase classname="com.filehandling_creation_validatation_ExcelSheet_8th_Apr_2023.TestCases" name="validateTheDataCreated" time="6.458"/>
  <testcase classname="com.filehandling_creation_validatation_ExcelSheet_8th_Apr_2023.TestCases" name="validateTheDataCreated" time="7.083"/>
</testsuite> <!-- com.filehandling_creation_validatation_ExcelSheet_8th_Apr_2023.TestCases -->
