<?xml version="1.0" encoding="UTF-8"?>
<!-- Generated by org.testng.reporters.JUnitReportReporter -->
<testsuite hostname="SarthakThinkpad" failures="0" tests="1" name="com.testngcode_8thApr_2023.TutorialsNinjaLoginTest" time="5.834" errors="0" timestamp="08 Apr 2023 15:38:33 GMT" skipped="0">
  <testcase classname="com.testngcode_8thApr_2023.TutorialsNinjaLoginTest" name="rediffLogin" time="5.834"/>
</testsuite> <!-- com.testngcode_8thApr_2023.TutorialsNinjaLoginTest -->
